INFO:root:Question 1.1
INFO:root:Non sorted array     : [-46   6 -31  80  65 -28  44  28 -43  11  88  39  32 -68  76   6  19 -16  60 -43]
INFO:root:Sorted array         : [-68 -46 -43 -43 -31 -28 -16   6   6  11  19  28  32  39  44  60  65  76  80  88]
INFO:root:Sorted array (by abs): [  6   6  11 -16  19 -28  28 -31  32  39 -43 -43  44 -46  60  65 -68  76  80  88]
INFO:root:Non sorted matrix: 
[[-71  -9]
 [ 36 -64]
 [-20  93]
 [-64 -47]
 [ 86 -69]
 [-71 -68]
 [ 67  36]
 [  3 -78]
 [  7 -24]
 [-33  97]
 [ 54 -53]
 [ 59  -1]
 [-22 -82]
 [-88 -42]
 [ 29  23]
 [ 62 -94]
 [ 51  76]
 [ 54 -48]
 [ 27  13]
 [ 18 -95]]
INFO:root:Sorted matrix by first axis: 
[[-88 -42]
 [-71  -9]
 [-71 -68]
 [-64 -47]
 [-33  97]
 [-22 -82]
 [-20  93]
 [  3 -78]
 [  7 -24]
 [ 18 -95]
 [ 27  13]
 [ 29  23]
 [ 36 -64]
 [ 51  76]
 [ 54 -53]
 [ 54 -48]
 [ 59  -1]
 [ 62 -94]
 [ 67  36]
 [ 86 -69]]
INFO:root:Sorted matrix by second axis: 
[[ 18 -95]
 [ 62 -94]
 [-22 -82]
 [  3 -78]
 [ 86 -69]
 [-71 -68]
 [ 36 -64]
 [ 54 -53]
 [ 54 -48]
 [-64 -47]
 [-88 -42]
 [  7 -24]
 [-71  -9]
 [ 59  -1]
 [ 27  13]
 [ 29  23]
 [ 67  36]
 [ 51  76]
 [-20  93]
 [-33  97]]
INFO:root:Question 1.2
INFO:root:type(composers)=<class 'list'>
INFO:root:type(composers_tracks)=<class 'dict'>
INFO:root:len(composers_tracks.keys())=3703
INFO:root:len(composers)=15181
INFO:root:Sorted composers by number of tracks: [['A., Jag' '1']
 ['Abbey, A. H.' '1']
 ['Abel, Clamor Heinrich' '1']
 ...
 ['Nottebohm, Gustav' '98']
 ['Sieber, Gustav' '98']
 ['Blindow, Karl-Gottfried' '99']]
